undefined
undefined
window.console.log('hello world')
VM430:1 hello world
undefined
document.write('hello world')
undefined
documnet.getElemntById('one').innerHTML = 'h1'
VM766:1 Uncaught ReferenceError: documnet is not defined
    at <anonymous>:1:1
(익명) @ VM766:1
document.getElementById('one'
VM832:1 Uncaught SyntaxError: missing ) after argument list
document.getElementById('one').innerHTML = 'h1'
VM917:1 Uncaught TypeError: Cannot set properties of null (setting 'innerHTML')
    at <anonymous>:1:42
(익명) @ VM917:1
document.getElementById('one').innerHTML
VM1198:1 Uncaught TypeError: Cannot read properties of null (reading 'innerHTML')
    at <anonymous>:1:31
(익명) @ VM1198:1
document.getElementById('one').innerHTML = 'h1'
VM1345:1 Uncaught TypeError: Cannot set properties of null (setting 'innerHTML')
    at <anonymous>:1:42
(익명) @ VM1345:1
window alert
VM1372:1 Uncaught SyntaxError: Unexpected identifier
window.alert('hello world')
undefined
console.dir(document)
VM1522:1 #document
undefined
//접근방법
undefined
window.console.log
ƒ log() { [native code] }
console.error('helle')
VM1803:1 helle
(익명) @ VM1803:1
undefined
0b100
4
0o100
64
0x100
256
0b1000
8
let k = {
	'a':'aa',
    'b':'bb',
    'c':'cc',
    'd':'dd',
    }
undefined
k
{a: 'aa', b: 'bb', c: 'cc', d: 'dd'}
function add(x, y) {
    return x + y 
}
undefined
k.c = 'cc'
'cc'
k.e = 'ee'
'ee'
k.e
'ee'
add.a = 100
100
add. a
100
add
ƒ add(x, y) {
    return x + y 
}
0.1 + 0.2
0.30000000000000004
0.1
0.1
0.1 + 0.1
0.2
0.1 * 0.1
0.010000000000000002
0.1 * 3
0.30000000000000004
0.3 + 0.6
0.8999999999999999
