VM393:2 5
VM393:2 ,
VM393:2  
VM393:2 4
VM393:2 ,
VM393:2  
VM393:2 1
VM393:2 0
VM393:2 ,
VM393:2  
VM393:2 2
VM393:2 ,
VM393:2  
VM393:2 5
VM1098:2 5, 4, 10, 2, 5
VM1155:1 5, 4, 10, 2, 5
VM2260:2 5
VM2260:2 ,
VM2260:2  
VM2260:2 4
VM2260:2 ,
VM2260:2  
VM2260:2 1
VM2260:2 0
VM2260:2 ,
VM2260:2  
VM2260:2 2
VM2260:2 ,
VM2260:2  
VM2260:2 5
VM2296:2 5
VM2296:2 NaN
VM2296:2 NaN
VM2296:2 4
VM2296:2 NaN
VM2296:2 NaN
VM2296:2 1
VM2296:2 0
VM2296:2 NaN
VM2296:2 NaN
VM2296:2 2
VM2296:2 NaN
VM2296:2 NaN
VM2296:2 5
VM2766:1 NaN
